[task 0] bin=sequential_seq_mmap  trial=1  N=100000  P=8  C=10000  T=1
Skipping gen; found “files/unsorted_100000_8.bin”.
[generate_unsorted   ]      0.861 ms
[reading             ]      4.061 ms
[reading_and_sorting ]     12.295 ms
[writing             ]     15.056 ms
File is sorted.
[check_if_sorted     ]      2.052 ms
[task 0] done  → results/sequential_seq_mmap.csv
[task 1] bin=sequential_seq_mmap  trial=1  N=100000  P=8  C=10000  T=2
Skipping gen; found “files/unsorted_100000_8.bin”.
[generate_unsorted   ]      0.836 ms
[reading             ]      3.960 ms
[reading_and_sorting ]     12.207 ms
[writing             ]     14.212 ms
File is sorted.
[check_if_sorted     ]      1.549 ms
[task 1] done  → results/sequential_seq_mmap.csv
[task 2] bin=sequential_seq_mmap  trial=1  N=100000  P=8  C=10000  T=4
Skipping gen; found “files/unsorted_100000_8.bin”.
[generate_unsorted   ]      0.859 ms
[reading             ]      4.018 ms
[reading_and_sorting ]     12.253 ms
[writing             ]     14.925 ms
File is sorted.
[check_if_sorted     ]      1.782 ms
[task 2] done  → results/sequential_seq_mmap.csv
[task 3] bin=sequential_seq_mmap  trial=1  N=100000  P=8  C=10000  T=8
Skipping gen; found “files/unsorted_100000_8.bin”.
[generate_unsorted   ]      0.736 ms
[reading             ]      4.200 ms
[reading_and_sorting ]     12.404 ms
[writing             ]     31.769 ms
File is sorted.
[check_if_sorted     ]      1.994 ms
[task 3] done  → results/sequential_seq_mmap.csv
[task 4] bin=sequential_seq_mmap  trial=1  N=100000  P=8  C=10000  T=16
Skipping gen; found “files/unsorted_100000_8.bin”.
[generate_unsorted   ]      0.734 ms
[reading             ]      4.005 ms
[reading_and_sorting ]     12.205 ms
[writing             ]     15.009 ms
File is sorted.
[check_if_sorted     ]      1.864 ms
[task 4] done  → results/sequential_seq_mmap.csv
[task 5] bin=sequential_seq_mmap  trial=1  N=100000  P=8  C=10000  T=32
Skipping gen; found “files/unsorted_100000_8.bin”.
[generate_unsorted   ]      0.929 ms
[reading             ]      3.833 ms
[reading_and_sorting ]     12.120 ms
[writing             ]     14.424 ms
File is sorted.
[check_if_sorted     ]      1.790 ms
[task 5] done  → results/sequential_seq_mmap.csv
[task 6] bin=sequential_seq_mmap  trial=1  N=100000  P=32  C=10000  T=1
Skipping gen; found “files/unsorted_100000_32.bin”.
[generate_unsorted   ]      0.860 ms
[reading             ]      5.643 ms
[reading_and_sorting ]     13.855 ms
[writing             ]     44.918 ms
File is sorted.
[check_if_sorted     ]      2.606 ms
[task 6] done  → results/sequential_seq_mmap.csv
[task 7] bin=sequential_seq_mmap  trial=1  N=100000  P=32  C=10000  T=2
Skipping gen; found “files/unsorted_100000_32.bin”.
[generate_unsorted   ]      0.703 ms
[reading             ]      5.500 ms
[reading_and_sorting ]     13.701 ms
[writing             ]     20.880 ms
File is sorted.
[check_if_sorted     ]      2.503 ms
[task 7] done  → results/sequential_seq_mmap.csv
[task 8] bin=sequential_seq_mmap  trial=1  N=100000  P=32  C=10000  T=4
Skipping gen; found “files/unsorted_100000_32.bin”.
[generate_unsorted   ]      0.876 ms
[reading             ]      6.039 ms
[reading_and_sorting ]     14.258 ms
[writing             ]     21.062 ms
File is sorted.
[check_if_sorted     ]      2.456 ms
[task 8] done  → results/sequential_seq_mmap.csv
[task 9] bin=sequential_seq_mmap  trial=1  N=100000  P=32  C=10000  T=8
Skipping gen; found “files/unsorted_100000_32.bin”.
[generate_unsorted   ]      0.739 ms
[reading             ]      5.505 ms
[reading_and_sorting ]     13.683 ms
[writing             ]     20.923 ms
File is sorted.
[check_if_sorted     ]      2.565 ms
[task 9] done  → results/sequential_seq_mmap.csv
[task 10] bin=sequential_seq_mmap  trial=1  N=100000  P=32  C=10000  T=16
Skipping gen; found “files/unsorted_100000_32.bin”.
[generate_unsorted   ]      0.784 ms
[reading             ]      5.394 ms
[reading_and_sorting ]     13.602 ms
[writing             ]     20.900 ms
File is sorted.
[check_if_sorted     ]      2.375 ms
[task 10] done  → results/sequential_seq_mmap.csv
[task 11] bin=sequential_seq_mmap  trial=1  N=100000  P=32  C=10000  T=32
Skipping gen; found “files/unsorted_100000_32.bin”.
[generate_unsorted   ]      0.801 ms
[reading             ]      5.376 ms
[reading_and_sorting ]     13.713 ms
[writing             ]     20.975 ms
File is sorted.
[check_if_sorted     ]      2.258 ms
[task 11] done  → results/sequential_seq_mmap.csv
[task 12] bin=sequential_seq_mmap  trial=1  N=100000  P=128  C=10000  T=1
Skipping gen; found “files/unsorted_100000_128.bin”.
[generate_unsorted   ]      0.789 ms
[reading             ]     11.881 ms
[reading_and_sorting ]     20.080 ms
[writing             ]     52.624 ms
File is sorted.
[check_if_sorted     ]      4.010 ms
[task 12] done  → results/sequential_seq_mmap.csv
[task 13] bin=sequential_seq_mmap  trial=1  N=100000  P=128  C=10000  T=2
Skipping gen; found “files/unsorted_100000_128.bin”.
[generate_unsorted   ]      0.786 ms
[reading             ]     12.022 ms
[reading_and_sorting ]     20.242 ms
[writing             ]     51.187 ms
File is sorted.
[check_if_sorted     ]      4.043 ms
[task 13] done  → results/sequential_seq_mmap.csv
[task 14] bin=sequential_seq_mmap  trial=1  N=100000  P=128  C=10000  T=4
Skipping gen; found “files/unsorted_100000_128.bin”.
[generate_unsorted   ]      0.826 ms
[reading             ]     11.687 ms
[reading_and_sorting ]     19.917 ms
[writing             ]     54.829 ms
File is sorted.
[check_if_sorted     ]     37.178 ms
[task 14] done  → results/sequential_seq_mmap.csv
[task 15] bin=sequential_seq_mmap  trial=1  N=100000  P=128  C=10000  T=8
Skipping gen; found “files/unsorted_100000_128.bin”.
[generate_unsorted   ]      0.854 ms
[reading             ]     12.251 ms
[reading_and_sorting ]     20.571 ms
[writing             ]     60.349 ms
File is sorted.
[check_if_sorted     ]     37.727 ms
[task 15] done  → results/sequential_seq_mmap.csv
[task 16] bin=sequential_seq_mmap  trial=1  N=100000  P=128  C=10000  T=16
Skipping gen; found “files/unsorted_100000_128.bin”.
[generate_unsorted   ]      0.814 ms
[reading             ]     12.542 ms
[reading_and_sorting ]     20.748 ms
[writing             ]     53.982 ms
File is sorted.
[check_if_sorted     ]      4.288 ms
[task 16] done  → results/sequential_seq_mmap.csv
[task 17] bin=sequential_seq_mmap  trial=1  N=100000  P=128  C=10000  T=32
Skipping gen; found “files/unsorted_100000_128.bin”.
[generate_unsorted   ]      0.838 ms
[reading             ]     12.255 ms
[reading_and_sorting ]     20.479 ms
[writing             ]     54.241 ms
File is sorted.
[check_if_sorted     ]      4.294 ms
[task 17] done  → results/sequential_seq_mmap.csv
[task 18] bin=sequential_seq_mmap  trial=1  N=1000000  P=8  C=10000  T=1
Skipping gen; found “files/unsorted_1000000_8.bin”.
[generate_unsorted   ]      0.738 ms
[reading             ]     33.668 ms
[reading_and_sorting ]    129.743 ms
[writing             ]    199.285 ms
File is sorted.
[check_if_sorted     ]     10.167 ms
[task 18] done  → results/sequential_seq_mmap.csv
[task 19] bin=sequential_seq_mmap  trial=1  N=1000000  P=8  C=10000  T=2
Skipping gen; found “files/unsorted_1000000_8.bin”.
[generate_unsorted   ]      0.763 ms
[reading             ]     33.566 ms
[reading_and_sorting ]    129.260 ms
[writing             ]    152.012 ms
File is sorted.
[check_if_sorted     ]     48.011 ms
[task 19] done  → results/sequential_seq_mmap.csv
[task 20] bin=sequential_seq_mmap  trial=1  N=1000000  P=8  C=10000  T=4
Skipping gen; found “files/unsorted_1000000_8.bin”.
[generate_unsorted   ]      0.822 ms
[reading             ]     33.031 ms
[reading_and_sorting ]    128.800 ms
[writing             ]    149.079 ms
File is sorted.
[check_if_sorted     ]     48.254 ms
[task 20] done  → results/sequential_seq_mmap.csv
[task 21] bin=sequential_seq_mmap  trial=1  N=1000000  P=8  C=10000  T=8
Skipping gen; found “files/unsorted_1000000_8.bin”.
[generate_unsorted   ]      0.806 ms
[reading             ]     35.862 ms
[reading_and_sorting ]    132.024 ms
[writing             ]    160.118 ms
File is sorted.
[check_if_sorted     ]     49.030 ms
[task 21] done  → results/sequential_seq_mmap.csv
[task 22] bin=sequential_seq_mmap  trial=1  N=1000000  P=8  C=10000  T=16
Skipping gen; found “files/unsorted_1000000_8.bin”.
[generate_unsorted   ]      0.859 ms
[reading             ]     34.202 ms
[reading_and_sorting ]    130.037 ms
[writing             ]    153.296 ms
File is sorted.
[check_if_sorted     ]     43.619 ms
[task 22] done  → results/sequential_seq_mmap.csv
[task 23] bin=sequential_seq_mmap  trial=1  N=1000000  P=8  C=10000  T=32
Skipping gen; found “files/unsorted_1000000_8.bin”.
[generate_unsorted   ]      0.867 ms
[reading             ]     35.675 ms
[reading_and_sorting ]    130.856 ms
[writing             ]    164.245 ms
File is sorted.
[check_if_sorted     ]     45.131 ms
[task 23] done  → results/sequential_seq_mmap.csv
[task 24] bin=sequential_seq_mmap  trial=1  N=1000000  P=32  C=10000  T=1
Skipping gen; found “files/unsorted_1000000_32.bin”.
[generate_unsorted   ]      0.843 ms
[reading             ]    164.611 ms
[reading_and_sorting ]    259.267 ms
[writing             ]    295.070 ms
File is sorted.
[check_if_sorted     ]     38.826 ms
[task 24] done  → results/sequential_seq_mmap.csv
[task 25] bin=sequential_seq_mmap  trial=1  N=1000000  P=32  C=10000  T=2
Skipping gen; found “files/unsorted_1000000_32.bin”.
[generate_unsorted   ]      0.875 ms
[reading             ]     51.199 ms
[reading_and_sorting ]    147.629 ms
[writing             ]    247.557 ms
File is sorted.
[check_if_sorted     ]     44.564 ms
[task 25] done  → results/sequential_seq_mmap.csv
[task 26] bin=sequential_seq_mmap  trial=1  N=1000000  P=32  C=10000  T=4
Skipping gen; found “files/unsorted_1000000_32.bin”.
[generate_unsorted   ]      0.799 ms
[reading             ]     51.366 ms
[reading_and_sorting ]    146.971 ms
[writing             ]    244.801 ms
File is sorted.
[check_if_sorted     ]     48.008 ms
[task 26] done  → results/sequential_seq_mmap.csv
[task 27] bin=sequential_seq_mmap  trial=1  N=1000000  P=32  C=10000  T=8
Skipping gen; found “files/unsorted_1000000_32.bin”.
[generate_unsorted   ]      0.772 ms
[reading             ]     51.680 ms
[reading_and_sorting ]    146.860 ms
[writing             ]    269.177 ms
File is sorted.
[check_if_sorted     ]     36.507 ms
[task 27] done  → results/sequential_seq_mmap.csv
[task 28] bin=sequential_seq_mmap  trial=1  N=1000000  P=32  C=10000  T=16
Skipping gen; found “files/unsorted_1000000_32.bin”.
[generate_unsorted   ]      0.763 ms
[reading             ]     52.251 ms
[reading_and_sorting ]    148.168 ms
[writing             ]    293.111 ms
File is sorted.
[check_if_sorted     ]     25.492 ms
[task 28] done  → results/sequential_seq_mmap.csv
[task 29] bin=sequential_seq_mmap  trial=1  N=1000000  P=32  C=10000  T=32
Skipping gen; found “files/unsorted_1000000_32.bin”.
[generate_unsorted   ]      0.846 ms
[reading             ]     51.153 ms
[reading_and_sorting ]    146.926 ms
[writing             ]    240.669 ms
File is sorted.
[check_if_sorted     ]     53.104 ms
[task 29] done  → results/sequential_seq_mmap.csv
[task 30] bin=sequential_seq_mmap  trial=1  N=1000000  P=128  C=10000  T=1
Skipping gen; found “files/unsorted_1000000_128.bin”.
[generate_unsorted   ]      0.841 ms
[reading             ]    323.501 ms
[reading_and_sorting ]    418.262 ms
[writing             ]    608.271 ms
File is sorted.
[check_if_sorted     ]     65.432 ms
[task 30] done  → results/sequential_seq_mmap.csv
[task 31] bin=sequential_seq_mmap  trial=1  N=1000000  P=128  C=10000  T=2
Skipping gen; found “files/unsorted_1000000_128.bin”.
[generate_unsorted   ]      0.791 ms
[reading             ]    116.779 ms
[reading_and_sorting ]    211.885 ms
[writing             ]    599.705 ms
File is sorted.
[check_if_sorted     ]     67.858 ms
[task 31] done  → results/sequential_seq_mmap.csv
[task 32] bin=sequential_seq_mmap  trial=1  N=1000000  P=128  C=10000  T=4
Skipping gen; found “files/unsorted_1000000_128.bin”.
[generate_unsorted   ]      0.820 ms
[reading             ]    118.678 ms
[reading_and_sorting ]    213.703 ms
[writing             ]    598.662 ms
File is sorted.
[check_if_sorted     ]     67.553 ms
[task 32] done  → results/sequential_seq_mmap.csv
[task 33] bin=sequential_seq_mmap  trial=1  N=1000000  P=128  C=10000  T=8
Skipping gen; found “files/unsorted_1000000_128.bin”.
[generate_unsorted   ]      0.825 ms
[reading             ]    118.587 ms
[reading_and_sorting ]    214.427 ms
[writing             ]    623.381 ms
File is sorted.
[check_if_sorted     ]     53.403 ms
[task 33] done  → results/sequential_seq_mmap.csv
[task 34] bin=sequential_seq_mmap  trial=1  N=1000000  P=128  C=10000  T=16
Skipping gen; found “files/unsorted_1000000_128.bin”.
[generate_unsorted   ]      0.743 ms
[reading             ]    116.783 ms
[reading_and_sorting ]    211.957 ms
[writing             ]    600.284 ms
File is sorted.
[check_if_sorted     ]     52.846 ms
[task 34] done  → results/sequential_seq_mmap.csv
[task 35] bin=sequential_seq_mmap  trial=1  N=1000000  P=128  C=10000  T=32
Skipping gen; found “files/unsorted_1000000_128.bin”.
[generate_unsorted   ]      0.880 ms
[reading             ]    118.798 ms
[reading_and_sorting ]    213.645 ms
[writing             ]    622.663 ms
File is sorted.
[check_if_sorted     ]     47.396 ms
[task 35] done  → results/sequential_seq_mmap.csv
[task 36] bin=sequential_seq_mmap  trial=1  N=10000000  P=8  C=10000  T=1
Skipping gen; found “files/unsorted_10000000_8.bin”.
[generate_unsorted   ]      0.759 ms
[reading             ]    759.953 ms
[reading_and_sorting ]   1853.481 ms
[writing             ]   1673.721 ms
File is sorted.
[check_if_sorted     ]     95.739 ms
[task 36] done  → results/sequential_seq_mmap.csv
[task 37] bin=sequential_seq_mmap  trial=1  N=10000000  P=8  C=10000  T=2
Skipping gen; found “files/unsorted_10000000_8.bin”.
[generate_unsorted   ]      0.898 ms
[reading             ]    328.274 ms
[reading_and_sorting ]   1422.069 ms
[writing             ]   1707.463 ms
File is sorted.
[check_if_sorted     ]     85.044 ms
[task 37] done  → results/sequential_seq_mmap.csv
[task 38] bin=sequential_seq_mmap  trial=1  N=10000000  P=8  C=10000  T=4
Skipping gen; found “files/unsorted_10000000_8.bin”.
[generate_unsorted   ]      0.778 ms
[reading             ]    331.226 ms
[reading_and_sorting ]   1423.745 ms
[writing             ]   1683.961 ms
File is sorted.
[check_if_sorted     ]     96.238 ms
[task 38] done  → results/sequential_seq_mmap.csv
[task 39] bin=sequential_seq_mmap  trial=1  N=10000000  P=8  C=10000  T=8
Skipping gen; found “files/unsorted_10000000_8.bin”.
[generate_unsorted   ]      0.865 ms
[reading             ]    360.446 ms
[reading_and_sorting ]   1471.464 ms
[writing             ]   1962.636 ms
File is sorted.
[check_if_sorted     ]     88.754 ms
[task 39] done  → results/sequential_seq_mmap.csv
[task 40] bin=sequential_seq_mmap  trial=1  N=10000000  P=8  C=10000  T=16
Skipping gen; found “files/unsorted_10000000_8.bin”.
[generate_unsorted   ]      0.817 ms
[reading             ]    336.340 ms
[reading_and_sorting ]   1428.892 ms
[writing             ]   1671.858 ms
File is sorted.
[check_if_sorted     ]     96.483 ms
[task 40] done  → results/sequential_seq_mmap.csv
[task 41] bin=sequential_seq_mmap  trial=1  N=10000000  P=8  C=10000  T=32
Skipping gen; found “files/unsorted_10000000_8.bin”.
[generate_unsorted   ]      0.999 ms
[reading             ]    330.568 ms
[reading_and_sorting ]   1424.209 ms
[writing             ]   1677.197 ms
File is sorted.
[check_if_sorted     ]     93.752 ms
[task 41] done  → results/sequential_seq_mmap.csv
[task 42] bin=sequential_seq_mmap  trial=1  N=10000000  P=32  C=10000  T=1
Skipping gen; found “files/unsorted_10000000_32.bin”.
[generate_unsorted   ]      0.892 ms
[reading             ]    831.792 ms
[reading_and_sorting ]   1923.992 ms
[writing             ]   2591.770 ms
File is sorted.
[check_if_sorted     ]    168.003 ms
[task 42] done  → results/sequential_seq_mmap.csv
[task 43] bin=sequential_seq_mmap  trial=1  N=10000000  P=32  C=10000  T=2
Skipping gen; found “files/unsorted_10000000_32.bin”.
[generate_unsorted   ]      0.839 ms
[reading             ]    511.940 ms
[reading_and_sorting ]   1605.147 ms
[writing             ]   2689.125 ms
File is sorted.
[check_if_sorted     ]    148.601 ms
[task 43] done  → results/sequential_seq_mmap.csv
[task 44] bin=sequential_seq_mmap  trial=1  N=10000000  P=32  C=10000  T=4
Skipping gen; found “files/unsorted_10000000_32.bin”.
[generate_unsorted   ]      0.838 ms
[reading             ]    502.210 ms
[reading_and_sorting ]   1595.951 ms
[writing             ]   2657.286 ms
File is sorted.
[check_if_sorted     ]    162.108 ms
[task 44] done  → results/sequential_seq_mmap.csv
[task 45] bin=sequential_seq_mmap  trial=1  N=10000000  P=32  C=10000  T=8
Skipping gen; found “files/unsorted_10000000_32.bin”.
[generate_unsorted   ]      0.815 ms
[reading             ]    494.219 ms
[reading_and_sorting ]   1586.970 ms
[writing             ]   2620.263 ms
File is sorted.
[check_if_sorted     ]    139.432 ms
[task 45] done  → results/sequential_seq_mmap.csv
[task 46] bin=sequential_seq_mmap  trial=1  N=10000000  P=32  C=10000  T=16
Skipping gen; found “files/unsorted_10000000_32.bin”.
[generate_unsorted   ]      0.801 ms
[reading             ]    502.029 ms
[reading_and_sorting ]   1596.533 ms
[writing             ]   2701.219 ms
File is sorted.
[check_if_sorted     ]    174.135 ms
[task 46] done  → results/sequential_seq_mmap.csv
[task 47] bin=sequential_seq_mmap  trial=1  N=10000000  P=32  C=10000  T=32
Skipping gen; found “files/unsorted_10000000_32.bin”.
[generate_unsorted   ]      0.801 ms
[reading             ]    503.998 ms
[reading_and_sorting ]   1598.927 ms
[writing             ]   2594.428 ms
File is sorted.
[check_if_sorted     ]    153.398 ms
[task 47] done  → results/sequential_seq_mmap.csv
[task 48] bin=sequential_seq_mmap  trial=1  N=10000000  P=128  C=10000  T=1
Skipping gen; found “files/unsorted_10000000_128.bin”.
[generate_unsorted   ]      0.856 ms
[reading             ]   2670.278 ms
[reading_and_sorting ]   3763.328 ms
[writing             ]   6343.977 ms
File is sorted.
[check_if_sorted     ]    310.003 ms
[task 48] done  → results/sequential_seq_mmap.csv
[task 49] bin=sequential_seq_mmap  trial=1  N=10000000  P=128  C=10000  T=2
Skipping gen; found “files/unsorted_10000000_128.bin”.
[generate_unsorted   ]      0.930 ms
[reading             ]   1163.798 ms
[reading_and_sorting ]   2257.626 ms
[writing             ]   6417.230 ms
File is sorted.
[check_if_sorted     ]    307.288 ms
[task 49] done  → results/sequential_seq_mmap.csv
[task 50] bin=sequential_seq_mmap  trial=1  N=10000000  P=128  C=10000  T=4
Skipping gen; found “files/unsorted_10000000_128.bin”.
[generate_unsorted   ]      0.792 ms
[reading             ]   1167.051 ms
[reading_and_sorting ]   2259.917 ms
[writing             ]   6329.113 ms
File is sorted.
[check_if_sorted     ]    328.340 ms
[task 50] done  → results/sequential_seq_mmap.csv
[task 51] bin=sequential_seq_mmap  trial=1  N=10000000  P=128  C=10000  T=8
Skipping gen; found “files/unsorted_10000000_128.bin”.
[generate_unsorted   ]      0.888 ms
[reading             ]   1182.334 ms
[reading_and_sorting ]   2276.385 ms
[writing             ]   6339.790 ms
File is sorted.
[check_if_sorted     ]    328.979 ms
[task 51] done  → results/sequential_seq_mmap.csv
[task 52] bin=sequential_seq_mmap  trial=1  N=10000000  P=128  C=10000  T=16
Skipping gen; found “files/unsorted_10000000_128.bin”.
[generate_unsorted   ]      0.759 ms
[reading             ]   1147.259 ms
[reading_and_sorting ]   2240.543 ms
[writing             ]   6181.539 ms
File is sorted.
[check_if_sorted     ]    335.459 ms
[task 52] done  → results/sequential_seq_mmap.csv
[task 53] bin=sequential_seq_mmap  trial=1  N=10000000  P=128  C=10000  T=32
Skipping gen; found “files/unsorted_10000000_128.bin”.
[generate_unsorted   ]      0.935 ms
[reading             ]   1150.482 ms
[reading_and_sorting ]   2244.044 ms
[writing             ]   6429.208 ms
File is sorted.
[check_if_sorted     ]    330.517 ms
[task 53] done  → results/sequential_seq_mmap.csv
[task 54] bin=sequential_seq_mmap  trial=1  N=100000000  P=8  C=10000  T=1
Skipping gen; found “files/unsorted_100000000_8.bin”.
[generate_unsorted   ]      0.814 ms
[reading             ]   6704.101 ms
[reading_and_sorting ]  19351.780 ms
[writing             ]  17214.138 ms
File is sorted.
[check_if_sorted     ]    839.953 ms
[task 54] done  → results/sequential_seq_mmap.csv
[task 55] bin=sequential_seq_mmap  trial=1  N=100000000  P=8  C=10000  T=2
Skipping gen; found “files/unsorted_100000000_8.bin”.
[generate_unsorted   ]      0.816 ms
[reading             ]   3308.150 ms
[reading_and_sorting ]  15946.425 ms
[writing             ]  17124.404 ms
File is sorted.
[check_if_sorted     ]    825.165 ms
[task 55] done  → results/sequential_seq_mmap.csv
[task 56] bin=sequential_seq_mmap  trial=1  N=100000000  P=8  C=10000  T=4
Skipping gen; found “files/unsorted_100000000_8.bin”.
[generate_unsorted   ]      0.719 ms
[reading             ]   3269.807 ms
[reading_and_sorting ]  15920.821 ms
[writing             ]  17117.808 ms
File is sorted.
[check_if_sorted     ]    825.192 ms
[task 56] done  → results/sequential_seq_mmap.csv
[task 57] bin=sequential_seq_mmap  trial=1  N=100000000  P=8  C=10000  T=8
Skipping gen; found “files/unsorted_100000000_8.bin”.
[generate_unsorted   ]      0.755 ms
[reading             ]   3208.867 ms
[reading_and_sorting ]  15848.430 ms
[writing             ]  16840.288 ms
File is sorted.
[check_if_sorted     ]    842.951 ms
[task 57] done  → results/sequential_seq_mmap.csv
[task 58] bin=sequential_seq_mmap  trial=1  N=100000000  P=8  C=10000  T=16
Skipping gen; found “files/unsorted_100000000_8.bin”.
[generate_unsorted   ]      0.777 ms
[reading             ]   3296.272 ms
[reading_and_sorting ]  15937.892 ms
[writing             ]  16699.987 ms
File is sorted.
[check_if_sorted     ]    826.089 ms
[task 58] done  → results/sequential_seq_mmap.csv
[task 59] bin=sequential_seq_mmap  trial=1  N=100000000  P=8  C=10000  T=32
Skipping gen; found “files/unsorted_100000000_8.bin”.
[generate_unsorted   ]      0.891 ms
[reading             ]   3265.585 ms
[reading_and_sorting ]  15914.430 ms
[writing             ]  16710.237 ms
File is sorted.
[check_if_sorted     ]    854.504 ms
[task 59] done  → results/sequential_seq_mmap.csv
[task 60] bin=sequential_seq_mmap  trial=1  N=100000000  P=32  C=10000  T=1
Skipping gen; found “files/unsorted_100000000_32.bin”.
[generate_unsorted   ]      0.856 ms
[reading             ]  12873.418 ms
[reading_and_sorting ]  25467.232 ms
[writing             ]  27786.150 ms
File is sorted.
[check_if_sorted     ]   1593.309 ms
[task 60] done  → results/sequential_seq_mmap.csv
[task 61] bin=sequential_seq_mmap  trial=1  N=100000000  P=32  C=10000  T=2
Skipping gen; found “files/unsorted_100000000_32.bin”.
[generate_unsorted   ]      0.862 ms
[reading             ]   4898.697 ms
[reading_and_sorting ]  17489.686 ms
[writing             ] 116705.772 ms
File is sorted.
[check_if_sorted     ]   1385.581 ms
[task 61] done  → results/sequential_seq_mmap.csv
[task 62] bin=sequential_seq_mmap  trial=1  N=100000000  P=32  C=10000  T=4
Skipping gen; found “files/unsorted_100000000_32.bin”.
[generate_unsorted   ]      0.869 ms
[reading             ]   4914.006 ms
[reading_and_sorting ]  17514.318 ms
[writing             ] 112397.286 ms
File is sorted.
[check_if_sorted     ]   1395.139 ms
[task 62] done  → results/sequential_seq_mmap.csv
[task 63] bin=sequential_seq_mmap  trial=1  N=100000000  P=32  C=10000  T=8
Skipping gen; found “files/unsorted_100000000_32.bin”.
[generate_unsorted   ]      0.795 ms
[reading             ]   4923.709 ms
[reading_and_sorting ]  17490.823 ms
[writing             ]  27238.746 ms
File is sorted.
[check_if_sorted     ]   1389.514 ms
[task 63] done  → results/sequential_seq_mmap.csv
[task 64] bin=sequential_seq_mmap  trial=1  N=100000000  P=32  C=10000  T=16
Skipping gen; found “files/unsorted_100000000_32.bin”.
[generate_unsorted   ]      0.869 ms
[reading             ]   4867.251 ms
[reading_and_sorting ]  18002.474 ms
[writing             ] 108917.630 ms
File is sorted.
[check_if_sorted     ]   1483.062 ms
[task 64] done  → results/sequential_seq_mmap.csv
[task 65] bin=sequential_seq_mmap  trial=1  N=100000000  P=32  C=10000  T=32
Skipping gen; found “files/unsorted_100000000_32.bin”.
[generate_unsorted   ]      0.913 ms
[reading             ]   4960.811 ms
[reading_and_sorting ]  17551.864 ms
[writing             ]  26046.195 ms
File is sorted.
[check_if_sorted     ]   1389.106 ms
[task 65] done  → results/sequential_seq_mmap.csv
[task 66] bin=sequential_seq_mmap  trial=1  N=100000000  P=128  C=10000  T=1
Skipping gen; found “files/unsorted_100000000_128.bin”.
[generate_unsorted   ]      0.826 ms
[reading             ]  28450.302 ms
[reading_and_sorting ]  41031.335 ms
[writing             ] 286177.116 ms
File is sorted.
[check_if_sorted     ]   3056.125 ms
[task 66] done  → results/sequential_seq_mmap.csv
[task 67] bin=sequential_seq_mmap  trial=1  N=100000000  P=128  C=10000  T=2
Skipping gen; found “files/unsorted_100000000_128.bin”.
[generate_unsorted   ]      0.849 ms
[reading             ]  11337.974 ms
[reading_and_sorting ]  23941.583 ms
[writing             ] 289168.797 ms
File is sorted.
[check_if_sorted     ]   3044.453 ms
[task 67] done  → results/sequential_seq_mmap.csv
[task 68] bin=sequential_seq_mmap  trial=1  N=100000000  P=128  C=10000  T=4
Skipping gen; found “files/unsorted_100000000_128.bin”.
[generate_unsorted   ]      0.738 ms
[reading             ]  11096.488 ms
[reading_and_sorting ]  23693.919 ms
[writing             ] 269933.813 ms
File is sorted.
[check_if_sorted     ]   3035.762 ms
[task 68] done  → results/sequential_seq_mmap.csv
[task 69] bin=sequential_seq_mmap  trial=1  N=100000000  P=128  C=10000  T=8
Skipping gen; found “files/unsorted_100000000_128.bin”.
[generate_unsorted   ]      0.806 ms
[reading             ]  11593.790 ms
[reading_and_sorting ]  24194.359 ms
[writing             ] 275802.760 ms
File is sorted.
[check_if_sorted     ]   3029.675 ms
[task 69] done  → results/sequential_seq_mmap.csv
[task 70] bin=sequential_seq_mmap  trial=1  N=100000000  P=128  C=10000  T=16
Skipping gen; found “files/unsorted_100000000_128.bin”.
[generate_unsorted   ]      0.798 ms
[reading             ]  11557.877 ms
[reading_and_sorting ]  24147.206 ms
[writing             ] 278698.791 ms
File is sorted.
[check_if_sorted     ]   3029.607 ms
[task 70] done  → results/sequential_seq_mmap.csv
[task 71] bin=sequential_seq_mmap  trial=1  N=100000000  P=128  C=10000  T=32
Skipping gen; found “files/unsorted_100000000_128.bin”.
[generate_unsorted   ]      0.793 ms
[reading             ]  11594.190 ms
[reading_and_sorting ]  24191.149 ms
[writing             ] 283022.278 ms
File is sorted.
[check_if_sorted     ]   3048.123 ms
[task 71] done  → results/sequential_seq_mmap.csv
